  main.cpp
main.cpp(17): warning C4244: 'initializing': conversion from 'double' to 'int', possible loss of data
main.cpp(97): warning C4018: '<': signed/unsigned mismatch
main.cpp(210): warning C4018: '<': signed/unsigned mismatch
main.cpp(220): warning C4244: '=': conversion from 'double' to 'BYTE', possible loss of data
main.cpp(221): warning C4244: '=': conversion from 'double' to 'BYTE', possible loss of data
main.cpp(222): warning C4244: '=': conversion from 'double' to 'BYTE', possible loss of data
main.cpp(165): warning C4018: '<': signed/unsigned mismatch
  main.cpp(298): note: see reference to function template instantiation 'void gaussian_blur<6>(FIBITMAP *,FIBITMAP *)' being compiled
main.cpp(173): warning C4244: '=': conversion from 'double' to 'unsigned char', possible loss of data
main.cpp(174): warning C4244: '=': conversion from 'double' to 'unsigned char', possible loss of data
main.cpp(175): warning C4244: '=': conversion from 'double' to 'unsigned char', possible loss of data
main.cpp(186): warning C4018: '<': signed/unsigned mismatch
main.cpp(194): warning C4244: '=': conversion from 'double' to 'BYTE', possible loss of data
main.cpp(195): warning C4244: '=': conversion from 'double' to 'BYTE', possible loss of data
main.cpp(196): warning C4244: '=': conversion from 'double' to 'BYTE', possible loss of data
main.cpp(130): warning C4018: '<': signed/unsigned mismatch
  main.cpp(154): note: see reference to function template instantiation 'std::vector<double,std::allocator<_Ty>> gaussian_kernel<double,6>(void)' being compiled
          with
          [
              _Ty=double
          ]
  main.cpp(298): note: see reference to function template instantiation 'void gaussian_blur<6>(FIBITMAP *,FIBITMAP *)' being compiled
main.cpp(139): warning C4018: '<': signed/unsigned mismatch
  Generating code
  2 of 238 functions ( 0.8%) were compiled, the rest were copied from previous compilation.
    0 functions were new in current compilation
    6 functions had inline decision re-evaluated but remain unchanged
  Finished generating code
  Sobel.vcxproj -> C:\Users\B0023\Desktop\cell-experiments\x86\Release\Sobel.exe
