  main.cpp
c:\users\b0023\desktop\cell-experiments\x86\sobel\main.cpp(95): warning C4244: '+=': conversion from 'double' to 'int', possible loss of data
c:\users\b0023\desktop\cell-experiments\x86\sobel\main.cpp(96): warning C4244: '+=': conversion from 'double' to 'int', possible loss of data
c:\users\b0023\desktop\cell-experiments\x86\sobel\main.cpp(100): warning C4244: 'return': conversion from 'double' to 'int', possible loss of data
c:\users\b0023\desktop\cell-experiments\x86\sobel\main.cpp(115): warning C4018: '<': signed/unsigned mismatch
c:\users\b0023\desktop\cell-experiments\x86\sobel\main.cpp(117): warning C4018: '<': signed/unsigned mismatch
c:\users\b0023\desktop\cell-experiments\x86\sobel\main.cpp(133): warning C4244: '*=': conversion from 'double' to 'int', possible loss of data
c:\users\b0023\desktop\cell-experiments\x86\sobel\main.cpp(236): warning C4018: '<': signed/unsigned mismatch
c:\users\b0023\desktop\cell-experiments\x86\sobel\main.cpp(246): warning C4244: '=': conversion from 'double' to 'BYTE', possible loss of data
c:\users\b0023\desktop\cell-experiments\x86\sobel\main.cpp(247): warning C4244: '=': conversion from 'double' to 'BYTE', possible loss of data
c:\users\b0023\desktop\cell-experiments\x86\sobel\main.cpp(248): warning C4244: '=': conversion from 'double' to 'BYTE', possible loss of data
c:\users\b0023\desktop\cell-experiments\x86\sobel\main.cpp(298): warning C4244: '=': conversion from 'double' to 'int', possible loss of data
c:\users\b0023\desktop\cell-experiments\x86\sobel\main.cpp(300): warning C4244: '=': conversion from 'double' to 'int', possible loss of data
c:\users\b0023\desktop\cell-experiments\x86\sobel\main.cpp(190): warning C4018: '<': signed/unsigned mismatch
  c:\users\b0023\desktop\cell-experiments\x86\sobel\main.cpp(329): note: see reference to function template instantiation 'void gaussian_blur<10>(FIBITMAP *,FIBITMAP *)' being compiled
c:\users\b0023\desktop\cell-experiments\x86\sobel\main.cpp(198): warning C4244: '=': conversion from 'double' to 'unsigned char', possible loss of data
c:\users\b0023\desktop\cell-experiments\x86\sobel\main.cpp(199): warning C4244: '=': conversion from 'double' to 'unsigned char', possible loss of data
c:\users\b0023\desktop\cell-experiments\x86\sobel\main.cpp(200): warning C4244: '=': conversion from 'double' to 'unsigned char', possible loss of data
c:\users\b0023\desktop\cell-experiments\x86\sobel\main.cpp(211): warning C4018: '<': signed/unsigned mismatch
c:\users\b0023\desktop\cell-experiments\x86\sobel\main.cpp(219): warning C4244: '=': conversion from 'double' to 'BYTE', possible loss of data
c:\users\b0023\desktop\cell-experiments\x86\sobel\main.cpp(220): warning C4244: '=': conversion from 'double' to 'BYTE', possible loss of data
c:\users\b0023\desktop\cell-experiments\x86\sobel\main.cpp(221): warning C4244: '=': conversion from 'double' to 'BYTE', possible loss of data
c:\users\b0023\desktop\cell-experiments\x86\sobel\main.cpp(155): warning C4018: '<': signed/unsigned mismatch
  c:\users\b0023\desktop\cell-experiments\x86\sobel\main.cpp(178): note: see reference to function template instantiation 'std::vector<double,std::allocator<_Ty>> gaussian_kernel<double,10>(void)' being compiled
          with
          [
              _Ty=double
          ]
  c:\users\b0023\desktop\cell-experiments\x86\sobel\main.cpp(329): note: see reference to function template instantiation 'void gaussian_blur<10>(FIBITMAP *,FIBITMAP *)' being compiled
c:\users\b0023\desktop\cell-experiments\x86\sobel\main.cpp(164): warning C4018: '<': signed/unsigned mismatch
  Sobel.vcxproj -> C:\Users\B0023\Desktop\cell-experiments\x86\Debug\Sobel.exe
